<?xml version="1.0" encoding="UTF-8"?>
<!-- Generated by org.testng.reporters.JUnitReportReporter -->
<testsuite skipped="0" hostname="DESKTOP-C6M0AOU" name="com.yatra.qa.testCases.SearchFlightResultsPageTest" tests="1" failures="0" timestamp="2021-06-25T08:24:15 IST" time="66.319" errors="0">
  <testcase name="verifySearchResultPageLoadTest" time="66.319" classname="com.yatra.qa.testCases.SearchFlightResultsPageTest"/>
  <system-out/>
</testsuite> <!-- com.yatra.qa.testCases.SearchFlightResultsPageTest -->
