<?xml version="1.0" encoding="UTF-8"?>
<!-- Generated by org.testng.reporters.JUnitReportReporter -->
<testsuite skipped="0" hostname="DESKTOP-C6M0AOU" name="com.yatra.qa.testCases.HomePageTest" tests="1" failures="0" timestamp="2021-06-24T23:23:20 IST" time="81.939" errors="0">
  <testcase name="validateSearchFlightTest" time="81.939" classname="com.yatra.qa.testCases.HomePageTest"/>
  <system-out/>
</testsuite> <!-- com.yatra.qa.testCases.HomePageTest -->
